<?xml version="1.0" encoding="UTF-8"?>
<!-- Generated by org.testng.reporters.JUnitXMLReporter -->
<testsuite hostname="Pavithra" ignored="0" name="Test" tests="6" failures="0" timestamp="2022-01-13T15:56:55 IST" time="0.09" errors="0">
  <testcase name="Postjira" time="0.008" classname="Testing.MavenJava.RESTAPITest"/>
  <testcase name="deleteTwitter" time="0.001" classname="Testing.MavenJava.RESTAPITest"/>
  <testcase name="IOSApp" time="0.0" classname="Testing.MavenJava.AppiumTest"/>
  <testcase name="NativeApp" time="0.0" classname="Testing.MavenJava.AppiumTest"/>
  <testcase name="BrowserAutomation" time="0.001" classname="Testing.MavenJava.SeleniumTest"/>
  <testcase name="ElementsUI" time="0.008" classname="Testing.MavenJava.SeleniumTest"/>
</testsuite> <!-- Test -->
