<?xml version="1.0" encoding="UTF-8"?>
<testng-results skipped="0" failed="0" ignored="0" total="6" passed="6">
  <reporter-output>
  </reporter-output>
  <suite name="Suite" duration-ms="90" started-at="2022-01-13T15:56:55 IST" finished-at="2022-01-13T15:56:55 IST">
    <groups>
    </groups>
    <test name="Test" duration-ms="90" started-at="2022-01-13T15:56:55 IST" finished-at="2022-01-13T15:56:55 IST">
      <class name="Testing.MavenJava.RESTAPITest">
        <test-method status="PASS" signature="Postjira()[pri:0, instance:Testing.MavenJava.RESTAPITest@4b1c1ea0]" name="Postjira" duration-ms="8" started-at="2022-01-13T15:56:55 IST" finished-at="2022-01-13T15:56:55 IST">
          <reporter-output>
          </reporter-output>
        </test-method> <!-- Postjira -->
        <test-method status="PASS" signature="deleteTwitter()[pri:0, instance:Testing.MavenJava.RESTAPITest@4b1c1ea0]" name="deleteTwitter" duration-ms="1" started-at="2022-01-13T15:56:55 IST" finished-at="2022-01-13T15:56:55 IST">
          <reporter-output>
          </reporter-output>
        </test-method> <!-- deleteTwitter -->
      </class> <!-- Testing.MavenJava.RESTAPITest -->
      <class name="Testing.MavenJava.AppiumTest">
        <test-method status="PASS" signature="IOSApp()[pri:0, instance:Testing.MavenJava.AppiumTest@76f2b07d]" name="IOSApp" duration-ms="0" started-at="2022-01-13T15:56:55 IST" finished-at="2022-01-13T15:56:55 IST">
          <reporter-output>
          </reporter-output>
        </test-method> <!-- IOSApp -->
        <test-method status="PASS" signature="NativeApp()[pri:0, instance:Testing.MavenJava.AppiumTest@76f2b07d]" name="NativeApp" duration-ms="0" started-at="2022-01-13T15:56:55 IST" finished-at="2022-01-13T15:56:55 IST">
          <reporter-output>
          </reporter-output>
        </test-method> <!-- NativeApp -->
      </class> <!-- Testing.MavenJava.AppiumTest -->
      <class name="Testing.MavenJava.SeleniumTest">
        <test-method status="PASS" signature="BrowserAutomation()[pri:0, instance:Testing.MavenJava.SeleniumTest@704a52ec]" name="BrowserAutomation" duration-ms="1" started-at="2022-01-13T15:56:55 IST" finished-at="2022-01-13T15:56:55 IST">
          <reporter-output>
          </reporter-output>
        </test-method> <!-- BrowserAutomation -->
        <test-method status="PASS" signature="ElementsUI()[pri:0, instance:Testing.MavenJava.SeleniumTest@704a52ec]" name="ElementsUI" duration-ms="8" started-at="2022-01-13T15:56:55 IST" finished-at="2022-01-13T15:56:55 IST">
          <reporter-output>
          </reporter-output>
        </test-method> <!-- ElementsUI -->
      </class> <!-- Testing.MavenJava.SeleniumTest -->
    </test> <!-- Test -->
  </suite> <!-- Suite -->
</testng-results>
