<?xml version="1.0" encoding="UTF-8"?>
<testng-results ignored="0" total="2" passed="2" failed="0" skipped="0">
  <reporter-output>
  </reporter-output>
  <suite started-at="2022-01-13T11:37:36 IST" name="Default suite" finished-at="2022-01-13T11:37:36 IST" duration-ms="96">
    <groups>
    </groups>
    <test started-at="2022-01-13T11:37:36 IST" name="Default test" finished-at="2022-01-13T11:37:36 IST" duration-ms="96">
      <class name="Testing.MavenJava.RESTAPITest">
        <test-method signature="Postjira()[pri:0, instance:Testing.MavenJava.RESTAPITest@4a7f959b]" started-at="2022-01-13T11:37:36 IST" name="Postjira" finished-at="2022-01-13T11:37:36 IST" duration-ms="16" status="PASS">
          <reporter-output>
          </reporter-output>
        </test-method> <!-- Postjira -->
        <test-method signature="deleteTwitter()[pri:0, instance:Testing.MavenJava.RESTAPITest@4a7f959b]" started-at="2022-01-13T11:37:36 IST" name="deleteTwitter" finished-at="2022-01-13T11:37:36 IST" duration-ms="2" status="PASS">
          <reporter-output>
          </reporter-output>
        </test-method> <!-- deleteTwitter -->
      </class> <!-- Testing.MavenJava.RESTAPITest -->
    </test> <!-- Default test -->
  </suite> <!-- Default suite -->
</testng-results>
